[2025-12-04 00:10:58] MSH System initialized
[2025-12-04 00:10:58] System state changed to: Normal
[2025-12-04 00:10:58] Mode changed to: Normal
[2025-12-04 00:10:58] System initialized with all devices
[2025-12-04 00:15:23] MSH System initialized
[2025-12-04 00:15:23] System state changed to: Normal
[2025-12-04 00:15:23] Mode changed to: Normal
[2025-12-04 00:15:23] System initialized with all devices
[2025-12-04 00:18:34] MSH System initialized
[2025-12-04 00:18:34] System state changed to: Normal
[2025-12-04 00:18:34] Mode changed to: Normal
[2025-12-04 00:18:34] System initialized with all devices
[2025-12-04 00:18:58] Home status displayed
[2025-12-04 00:28:40] MSH System initialized
[2025-12-04 00:28:40] System state changed to: Normal
[2025-12-04 00:28:40] Mode changed to: Normal
[2025-12-04 00:28:40] System initialized with all devices
[2025-12-04 00:28:49] User viewed manual
[2025-12-04 00:28:56] User viewed about
[2025-12-04 00:29:15] System shutdown initiated by user
