[2025-12-07 13:15:33] MSH System initialized
[2025-12-07 13:15:33] System state changed to: Normal
[2025-12-07 13:15:33] Mode changed to: Normal
[2025-12-07 13:15:33] System initialized with all devices
[2025-12-07 13:15:43] User viewed about
[2025-12-07 13:17:00] Device removed: Living Room Light
[2025-12-12 02:14:22] MSH System initialized
[2025-12-12 02:14:22] System state changed to: Normal
[2025-12-12 02:14:22] Mode changed to: Normal
[2025-12-12 02:14:22] System initialized with all devices
[2025-12-12 02:14:29] Home status displayed
[2025-12-12 02:14:32] Home status displayed
[2025-12-14 22:44:57] MSH System initialized
[2025-12-14 22:44:57] System state changed to: Normal
[2025-12-14 22:44:57] Mode changed to: Normal
[2025-12-14 22:44:57] System initialized with all devices
[2025-12-14 22:45:22] User viewed manual
[2025-12-14 22:45:59] User viewed about
[2025-12-14 22:46:23] Device added: mamali
[2025-12-14 22:47:52] Device powered on: Main Sound System
[2025-12-14 22:48:20] Device powered off: Main Sound System
[2025-12-17 22:41:12] MSH System initialized
[2025-12-17 22:41:12] System state changed to: Normal
[2025-12-17 22:41:12] Mode changed to: Normal
[2025-12-17 22:41:12] System initialized with all devices
[2025-12-17 22:41:28] Device added: mamali
[2025-12-17 22:41:32] Home status displayed
[2025-12-17 22:41:51] Device removed: mamali
[2025-12-18 14:18:28] MSH System initialized
[2025-12-18 14:18:28] System state changed to: Normal
[2025-12-18 14:18:28] Mode changed to: Normal
[2025-12-18 14:18:28] System initialized with all devices
